#
# There is insufficient memory for the Java Runtime Environment to continue.
# Native memory allocation (mmap) failed to map 65011712 bytes for G1 virtual space
# Possible reasons:
#   The system is out of physical RAM or swap space
#   The process is running with CompressedOops enabled, and the Java Heap may be blocking the growth of the native heap
# Possible solutions:
#   Reduce memory load on the system
#   Increase physical memory or swap space
#   Check if swap backing store is full
#   Decrease Java heap size (-Xmx/-Xms)
#   Decrease number of Java threads
#   Decrease Java thread stack sizes (-Xss)
#   Set larger code cache with -XX:ReservedCodeCacheSize=
#   JVM is running with Unscaled Compressed Oops mode in which the Java heap is
#     placed in the first 4GB address space. The Java Heap base address is the
#     maximum limit for the native heap growth. Please use -XX:HeapBaseMinAddress
#     to set the Java Heap base and to place the Java Heap above 4GB virtual address.
# This output file may be truncated or incomplete.
#
#  Out of Memory Error (os_windows.cpp:3530), pid=13628, tid=3776
#
# JRE version:  (18.0.2.1+1) (build )
# Java VM: Java HotSpot(TM) 64-Bit Server VM (18.0.2.1+1-1, mixed mode, sharing, tiered, compressed oops, compressed class ptrs, g1 gc, windows-amd64)
# No core dump will be written. Minidumps are not enabled by default on client versions of Windows
#

---------------  S U M M A R Y ------------

Command Line: -Dfile.encoding=UTF-8 -XX:+ShowCodeDetailsInExceptionMessages BancoDePeter

Host: Intel(R) Celeron(R) N4020 CPU @ 1.10GHz, 2 cores, 3G,  Windows 10 , 64 bit Build 19041 (10.0.19041.2364)
Time: Sat Jan  7 05:06:20 2023 Hora estándar romance elapsed time: 0.059404 seconds (0d 0h 0m 0s)

---------------  T H R E A D  ---------------

Current thread (0x0000016d20e7eee0):  JavaThread "Unknown thread" [_thread_in_vm, id=3776, stack(0x0000005c3a700000,0x0000005c3a800000)]

Stack: [0x0000005c3a700000,0x0000005c3a800000]
Native frames: (J=compiled Java code, j=interpreted, Vv=VM code, C=native code)
V  [jvm.dll+0x6993aa]
V  [jvm.dll+0x7f46dd]
V  [jvm.dll+0x7f5fee]
V  [jvm.dll+0x7f66a3]
V  [jvm.dll+0x25cf1f]
V  [jvm.dll+0x6962f9]
V  [jvm.dll+0x68ae2a]
V  [jvm.dll+0x32255b]
V  [jvm.dll+0x329f36]
V  [jvm.dll+0x37eade]
V  [jvm.dll+0x37ed0f]
V  [jvm.dll+0x2fa2da]
V  [jvm.dll+0x2fb33d]
V  [jvm.dll+0x7c3310]
V  [jvm.dll+0x38be61]
V  [jvm.dll+0x7a2023]
V  [jvm.dll+0x40dc3f]
V  [jvm.dll+0x40f611]
C  [jli.dll+0x526b]
C  [ucrtbase.dll+0x21bb2]
C  [KERNEL32.DLL+0x17614]
C  [ntdll.dll+0x526a1]


---------------  P R O C E S S  ---------------

Threads class SMR info:
_java_thread_list=0x00007fffa85de550, length=0, elements={
}

Java Threads: ( => current thread )

Other Threads:
  0x0000016d20ebea70 WorkerThread "GC Thread#0" [stack: 0x0000005c3a800000,0x0000005c3a900000] [id=8844]
  0x0000016d20ec7bc0 ConcurrentGCThread "G1 Main Marker" [stack: 0x0000005c3a900000,0x0000005c3aa00000] [id=19168]
  0x0000016d20ecb5e0 WorkerThread "G1 Conc#0" [stack: 0x0000005c3aa00000,0x0000005c3ab00000] [id=8908]

[error occurred during error reporting (printing all threads), id 0xc0000005, EXCEPTION_ACCESS_VIOLATION (0xc0000005) at pc=0x00007fffa7e0a877]

VM state: not at safepoint (not fully initialized)

VM Mutex/Monitor currently owned by a thread:  ([mutex/lock_event])
[0x0000016d20e7b310] Heap_lock - owner thread: 0x0000016d20e7eee0

Heap address: 0x00000000c2c00000, size: 980 MB, Compressed Oops mode: 32-bit

CDS archive(s) mapped at: [0x0000000000000000-0x0000000000000000-0x0000000000000000), size 0, SharedBaseAddress: 0x0000000800000000, ArchiveRelocationMode: 0.
Narrow klass base: 0x0000000000000000, Narrow klass shift: 0, Narrow klass range: 0x0

GC Precious Log:
 CardTable entry size: 512
 Card Set container configuration: InlinePtr #cards 5 size 8 Array Of Cards #cards 12 size 40 Howl #buckets 4 coarsen threshold 1843 Howl Bitmap #cards 512 size 80 coarsen threshold 460 Card regions per heap region 1 cards per card region 2048

Heap:
 garbage-first heap   total 0K, used 0K [0x00000000c2c00000, 0x0000000100000000)
  region size 1024K, 0 young (0K), 0 survivors (0K)

[error occurred during error reporting (printing heap information), id 0xc0000005, EXCEPTION_ACCESS_VIOLATION (0xc0000005) at pc=0x00007fffa81f1839]

GC Heap History (0 events):
No events

Deoptimization events (0 events):
No events

Classes loaded (0 events):
No events

Classes unloaded (0 events):
No events

Classes redefined (0 events):
No events

Internal exceptions (0 events):
No events

VM Operations (0 events):
No events

Events (1 events):
Event: 0.030 Loaded shared library C:\Program Files\Java\jdk-18.0.2.1\bin\java.dll


Dynamic libraries:
0x00007ff76da90000 - 0x00007ff76daa0000 	C:\Program Files\Java\jdk-18.0.2.1\bin\javaw.exe
0x00007ff822630000 - 0x00007ff822828000 	C:\WINDOWS\SYSTEM32\ntdll.dll
0x00007ff820f30000 - 0x00007ff820fef000 	C:\WINDOWS\System32\KERNEL32.DLL
0x00007ff81ffe0000 - 0x00007ff8202b2000 	C:\WINDOWS\System32\KERNELBASE.dll
0x00007ff820570000 - 0x00007ff820670000 	C:\WINDOWS\System32\ucrtbase.dll
0x00007ff801c20000 - 0x00007ff801c38000 	C:\Program Files\Java\jdk-18.0.2.1\bin\jli.dll
0x00007ff8207a0000 - 0x00007ff82084e000 	C:\WINDOWS\System32\ADVAPI32.dll
0x00007ff822270000 - 0x00007ff82230e000 	C:\WINDOWS\System32\msvcrt.dll
0x00007ff821a90000 - 0x00007ff821b2c000 	C:\WINDOWS\System32\sechost.dll
0x00007ff820670000 - 0x00007ff820795000 	C:\WINDOWS\System32\RPCRT4.dll
0x00007ff820850000 - 0x00007ff8209f1000 	C:\WINDOWS\System32\USER32.dll
0x00007ff8204d0000 - 0x00007ff8204f2000 	C:\WINDOWS\System32\win32u.dll
0x00007ff820e80000 - 0x00007ff820eab000 	C:\WINDOWS\System32\GDI32.dll
0x00007ff81fdc0000 - 0x00007ff81fecf000 	C:\WINDOWS\System32\gdi32full.dll
0x00007ff81fd20000 - 0x00007ff81fdbd000 	C:\WINDOWS\System32\msvcp_win.dll
0x00007ffffbb90000 - 0x00007ffffbbaa000 	C:\Program Files\Java\jdk-18.0.2.1\bin\VCRUNTIME140.dll
0x00007ff809bd0000 - 0x00007ff809e6a000 	C:\WINDOWS\WinSxS\amd64_microsoft.windows.common-controls_6595b64144ccf1df_6.0.19041.1110_none_60b5254171f9507e\COMCTL32.dll
0x00007ff816030000 - 0x00007ff81603a000 	C:\WINDOWS\SYSTEM32\VERSION.dll
0x00007ff821ef0000 - 0x00007ff821f22000 	C:\WINDOWS\System32\IMM32.DLL
0x00007ff803c20000 - 0x00007ff803c2c000 	C:\Program Files\Java\jdk-18.0.2.1\bin\vcruntime140_1.dll
0x00007fffdcd60000 - 0x00007fffdcded000 	C:\Program Files\Java\jdk-18.0.2.1\bin\msvcp140.dll
0x00007fffa7b00000 - 0x00007fffa8711000 	C:\Program Files\Java\jdk-18.0.2.1\bin\server\jvm.dll
0x00007ff820e70000 - 0x00007ff820e78000 	C:\WINDOWS\System32\PSAPI.DLL
0x00007ff80b1e0000 - 0x00007ff80b1e9000 	C:\WINDOWS\SYSTEM32\WSOCK32.dll
0x00007ff820eb0000 - 0x00007ff820f1b000 	C:\WINDOWS\System32\WS2_32.dll
0x00007ff80b550000 - 0x00007ff80b577000 	C:\WINDOWS\SYSTEM32\WINMM.dll
0x00007ff81e570000 - 0x00007ff81e582000 	C:\WINDOWS\SYSTEM32\kernel.appcore.dll
0x00007ff801eb0000 - 0x00007ff801eba000 	C:\Program Files\Java\jdk-18.0.2.1\bin\jimage.dll
0x00007ff81e280000 - 0x00007ff81e464000 	C:\WINDOWS\SYSTEM32\DBGHELP.DLL
0x00007ff807d30000 - 0x00007ff807d65000 	C:\WINDOWS\SYSTEM32\dbgcore.DLL
0x00007ff81fed0000 - 0x00007ff81ff52000 	C:\WINDOWS\System32\bcryptPrimitives.dll
0x00007fffe4240000 - 0x00007fffe4265000 	C:\Program Files\Java\jdk-18.0.2.1\bin\java.dll

dbghelp: loaded successfully - version: 4.0.5 - missing functions: none
symbol engine: initialized successfully - sym options: 0x614 - pdb path: .;C:\Program Files\Java\jdk-18.0.2.1\bin;C:\WINDOWS\SYSTEM32;C:\WINDOWS\WinSxS\amd64_microsoft.windows.common-controls_6595b64144ccf1df_6.0.19041.1110_none_60b5254171f9507e;C:\Program Files\Java\jdk-18.0.2.1\bin\server

VM Arguments:
jvm_args: -Dfile.encoding=UTF-8 -XX:+ShowCodeDetailsInExceptionMessages 
java_command: BancoDePeter
java_class_path (initial): C:\Users\Black\eclipse-workspace\BancoDePeter\bin
Launcher Type: SUN_STANDARD

[Global flags]
     intx CICompilerCount                          = 2                                         {product} {ergonomic}
     uint ConcGCThreads                            = 1                                         {product} {ergonomic}
     uint G1ConcRefinementThreads                  = 2                                         {product} {ergonomic}
   size_t G1HeapRegionSize                         = 1048576                                   {product} {ergonomic}
    uintx GCDrainStackTargetSize                   = 64                                        {product} {ergonomic}
   size_t InitialHeapSize                          = 65011712                                  {product} {ergonomic}
   size_t MarkStackSize                            = 4194304                                   {product} {ergonomic}
   size_t MaxHeapSize                              = 1027604480                                {product} {ergonomic}
   size_t MinHeapDeltaBytes                        = 1048576                                   {product} {ergonomic}
   size_t MinHeapSize                              = 8388608                                   {product} {ergonomic}
    uintx NonNMethodCodeHeapSize                   = 5826188                                {pd product} {ergonomic}
    uintx NonProfiledCodeHeapSize                  = 122916026                              {pd product} {ergonomic}
    uintx ProfiledCodeHeapSize                     = 122916026                              {pd product} {ergonomic}
    uintx ReservedCodeCacheSize                    = 251658240                              {pd product} {ergonomic}
     bool SegmentedCodeCache                       = true                                      {product} {ergonomic}
     bool ShowCodeDetailsInExceptionMessages       = true                                   {manageable} {command line}
   size_t SoftMaxHeapSize                          = 1027604480                             {manageable} {ergonomic}
     bool UseCompressedClassPointers               = true                           {product lp64_product} {ergonomic}
     bool UseCompressedOops                        = true                           {product lp64_product} {ergonomic}
     bool UseG1GC                                  = true                                      {product} {ergonomic}
     bool UseLargePagesIndividualAllocation        = false                                  {pd product} {ergonomic}

Logging:
Log output configuration:
 #0: stdout all=warning uptime,level,tags foldmultilines=false
 #1: stderr all=off uptime,level,tags foldmultilines=false

Environment Variables:
PATH=C:/Users/Black/.p2/pool/plugins/org.eclipse.justj.openjdk.hotspot.jre.full.win32.x86_64_19.0.1.v20221102-1007/jre/bin/server;C:/Users/Black/.p2/pool/plugins/org.eclipse.justj.openjdk.hotspot.jre.full.win32.x86_64_19.0.1.v20221102-1007/jre/bin;C:\Program Files\Common Files\Oracle\Java\javapath;C:\Program Files (x86)\Common Files\Oracle\Java\javapath;C:\WINDOWS\system32;C:\WINDOWS;C:\WINDOWS\System32\Wbem;C:\WINDOWS\System32\WindowsPowerShell\v1.0\;C:\WINDOWS\System32\OpenSSH\;C:\Users\Black\AppData\Local\Microsoft\WindowsApps;;C:\Users\Black\Desktop;
USERNAME=Black
OS=Windows_NT
PROCESSOR_IDENTIFIER=Intel64 Family 6 Model 122 Stepping 8, GenuineIntel



---------------  S Y S T E M  ---------------

OS:
 Windows 10 , 64 bit Build 19041 (10.0.19041.2364)
OS uptime: 1 days 7:40 hours

CPU: total 2 (initial active 2) (2 cores per cpu, 1 threads per core) family 6 model 122 stepping 8 microcode 0x16, cx8, cmov, fxsr, mmx, 3dnowpref, sse, sse2, sse3, ssse3, sse4.1, sse4.2, popcnt, tsc, tscinvbit, aes, erms, clmul, sha, clflush, clflushopt

Memory: 4k page, system-wide physical 3918M (638M free)
TotalPageFile size 9923M (AvailPageFile size 18M)
current process WorkingSet (physical memory assigned to process): 10M, peak: 10M
current process commit charge ("private bytes"): 47M, peak: 109M

vm_info: Java HotSpot(TM) 64-Bit Server VM (18.0.2.1+1-1) for windows-amd64 JRE (18.0.2.1+1-1), built on Aug 16 2022 01:46:33 by "mach5one" with MS VC++ 16.8 / 16.9 (VS2019)

END.
